<?xml version="1.0" encoding="UTF-8"?>
<testng-results ignored="2" total="3" passed="1" failed="0" skipped="0">
  <reporter-output>
  </reporter-output>
  <suite started-at="2021-12-02T17:17:07 EET" name="MyTestSuites" finished-at="2021-12-02T17:17:21 EET" duration-ms="14065">
    <groups>
    </groups>
    <test started-at="2021-12-02T17:17:07 EET" name="EntryAdd Test" finished-at="2021-12-02T17:17:21 EET" duration-ms="14065">
      <class name="com.herokuapp.theinternet.MyTest">
        <test-method is-config="true" signature="setUp(java.lang.String)[pri:0, instance:com.herokuapp.theinternet.MyTest@4d0f2471]" started-at="2021-12-02T17:17:07 EET" name="setUp" finished-at="2021-12-02T17:17:13 EET" duration-ms="5818" status="PASS">
          <params>
            <param index="0">
              <value>
                <![CDATA[chrome]]>
              </value>
            </param>
          </params>
          <reporter-output>
          </reporter-output>
        </test-method> <!-- setUp -->
        <test-method signature="keyPress()[pri:0, instance:com.herokuapp.theinternet.MyTest@4d0f2471]" started-at="2021-12-02T17:17:13 EET" name="keyPress" finished-at="2021-12-02T17:17:21 EET" duration-ms="8202" status="PASS">
          <reporter-output>
          </reporter-output>
        </test-method> <!-- keyPress -->
        <test-method is-config="true" signature="tearDown()[pri:0, instance:com.herokuapp.theinternet.MyTest@4d0f2471]" started-at="2021-12-02T17:17:21 EET" name="tearDown" finished-at="2021-12-02T17:17:21 EET" duration-ms="2" status="PASS">
          <reporter-output>
          </reporter-output>
        </test-method> <!-- tearDown -->
      </class> <!-- com.herokuapp.theinternet.MyTest -->
    </test> <!-- EntryAdd Test -->
  </suite> <!-- MyTestSuites -->
</testng-results>
