<?xml version="1.0" encoding="UTF-8"?>
<!-- Generated by org.testng.reporters.JUnitXMLReporter -->
<testsuite ignored="4" hostname="DESKTOP-L4E4JN3" failures="0" tests="1" name="Exception Test" time="11.191" errors="0" timestamp="2021-11-25T17:27:02 EET">
  <testcase classname="com.herokuapp.theinternet.ExceptionsTests" name="disabledElementTest" time="4.785"/>
  <testcase classname="com.herokuapp.theinternet.ExceptionsTests" name="noSuchElementTest" time="0.0">
    <ignored/>
  </testcase> <!-- noSuchElementTest -->
  <testcase classname="com.herokuapp.theinternet.ExceptionsTests" name="staleElementTest" time="0.0">
    <ignored/>
  </testcase> <!-- staleElementTest -->
  <testcase classname="com.herokuapp.theinternet.ExceptionsTests" name="notVisibleTests" time="0.0">
    <ignored/>
  </testcase> <!-- notVisibleTests -->
  <testcase classname="com.herokuapp.theinternet.ExceptionsTests" name="timeoutTest" time="0.0">
    <ignored/>
  </testcase> <!-- timeoutTest -->
</testsuite> <!-- Exception Test -->
