<?xml version="1.0" encoding="UTF-8"?>
<!-- Generated by org.testng.reporters.JUnitXMLReporter -->
<testsuite ignored="1" hostname="DESKTOP-L4E4JN3" failures="0" tests="1" name="NegativeTest" time="8.695" errors="0" timestamp="2021-11-24T11:52:41 EET">
  <testcase classname="com.herokuapp.theinternet.NegativeTest" name="incorectPasswordTest" time="8.658"/>
  <testcase classname="com.herokuapp.theinternet.NegativeTest" name="incorectUsernameTest" time="0.0">
    <ignored/>
  </testcase> <!-- incorectUsernameTest -->
</testsuite> <!-- NegativeTest -->
