<?xml version="1.0" encoding="UTF-8"?>
<!-- Generated by org.testng.reporters.JUnitXMLReporter -->
<testsuite ignored="1" hostname="DESKTOP-L4E4JN3" failures="0" tests="1" name="NegativeUsernameTest" time="10.486" errors="0" timestamp="2021-11-25T14:44:02 EET">
  <testcase classname="com.herokuapp.theinternet.LoginTest" name="negativeLoginTest" time="5.491"/>
  <testcase classname="com.herokuapp.theinternet.LoginTest" name="positiveLoginTest" time="0.0">
    <ignored/>
  </testcase> <!-- positiveLoginTest -->
</testsuite> <!-- NegativeUsernameTest -->
