<?xml version="1.0" encoding="UTF-8"?>
<!-- Generated by org.testng.reporters.JUnitXMLReporter -->
<testsuite ignored="1" hostname="DESKTOP-L4E4JN3" failures="0" tests="1" name="PositiveTest" time="20.819" errors="0" timestamp="2021-11-25T14:43:51 EET">
  <testcase classname="com.herokuapp.theinternet.LoginTest" name="positiveLoginTest" time="14.631"/>
  <testcase classname="com.herokuapp.theinternet.LoginTest" name="negativeLoginTest" time="0.0">
    <ignored/>
  </testcase> <!-- negativeLoginTest -->
</testsuite> <!-- PositiveTest -->
