<?xml version="1.0" encoding="UTF-8"?>
<!-- Generated by org.testng.reporters.JUnitXMLReporter -->
<testsuite ignored="2" hostname="DESKTOP-L4E4JN3" failures="0" tests="1" name="EntryAdd Test" time="14.065" errors="0" timestamp="2021-12-02T17:17:21 EET">
  <testcase classname="com.herokuapp.theinternet.MyTest" name="keyPress" time="8.202"/>
  <testcase classname="com.herokuapp.theinternet.MyTest" name="entryAdd" time="0.0">
    <ignored/>
  </testcase> <!-- entryAdd -->
  <testcase classname="com.herokuapp.theinternet.MyTest" name="multipleWindows" time="0.0">
    <ignored/>
  </testcase> <!-- multipleWindows -->
</testsuite> <!-- EntryAdd Test -->
