<?xml version="1.0" encoding="UTF-8"?>
<!-- Generated by org.testng.reporters.JUnitXMLReporter -->
<testsuite ignored="1" hostname="DESKTOP-L4E4JN3" failures="0" tests="1" name="PositiveLoginTest" time="20.751" errors="0" timestamp="2021-11-25T15:42:08 EET">
  <testcase classname="com.herokuapp.theinternet.LoginTest" name="positiveLoginTest" time="14.581"/>
  <testcase classname="com.herokuapp.theinternet.LoginTest" name="negativeLoginTest" time="0.0">
    <ignored/>
  </testcase> <!-- negativeLoginTest -->
</testsuite> <!-- PositiveLoginTest -->
