<?xml version="1.0" encoding="UTF-8"?>
<!-- Generated by org.testng.reporters.JUnitXMLReporter -->
<testsuite ignored="0" hostname="DESKTOP-L4E4JN3" failures="0" tests="2" name="Default test" time="15.659" errors="0" timestamp="2021-11-24T11:45:59 EET">
  <testcase classname="com.herokuapp.theinternet.NegativeTest" name="incorectUsernameTest" time="8.264"/>
  <testcase classname="com.herokuapp.theinternet.NegativeTest" name="incorectPasswordTest" time="7.36"/>
</testsuite> <!-- Default test -->
