<?xml version="1.0" encoding="UTF-8"?>
<!-- Generated by org.testng.reporters.JUnitXMLReporter -->
<testsuite ignored="0" hostname="DESKTOP-L4E4JN3" failures="0" tests="2" name="NegativeTest" time="14.016" errors="0" timestamp="2021-11-24T10:54:42 EET">
  <testcase classname="com.herokuapp.theinternet.NegativeTest" name="incorectPasswordTest" time="7.308"/>
  <testcase classname="com.herokuapp.theinternet.NegativeTest" name="incorectUsernameTest" time="6.701"/>
</testsuite> <!-- NegativeTest -->
